d:\myproject\sqlserverconverttosqlite\sqlserver-to-sqlite\sqlserverconverttosqlite\debug\sqlserverconverttosqlite.pch
d:\myproject\sqlserverconverttosqlite\sqlserver-to-sqlite\sqlserverconverttosqlite\debug\vc140.pdb
d:\myproject\sqlserverconverttosqlite\sqlserver-to-sqlite\sqlserverconverttosqlite\debug\vc140.idb
d:\myproject\sqlserverconverttosqlite\sqlserver-to-sqlite\sqlserverconverttosqlite\debug\stdafx.obj
d:\myproject\sqlserverconverttosqlite\sqlserver-to-sqlite\sqlserverconverttosqlite\debug\configs.obj
d:\myproject\sqlserverconverttosqlite\sqlserver-to-sqlite\sqlserverconverttosqlite\debug\json_reader.obj
d:\myproject\sqlserverconverttosqlite\sqlserver-to-sqlite\sqlserverconverttosqlite\debug\json_value.obj
d:\myproject\sqlserverconverttosqlite\sqlserver-to-sqlite\sqlserverconverttosqlite\debug\json_writer.obj
d:\myproject\sqlserverconverttosqlite\sqlserver-to-sqlite\sqlserverconverttosqlite\debug\operation.obj
d:\myproject\sqlserverconverttosqlite\sqlserver-to-sqlite\sqlserverconverttosqlite\debug\sqldbutil.obj
d:\myproject\sqlserverconverttosqlite\sqlserver-to-sqlite\sqlserverconverttosqlite\debug\sqlite.obj
d:\myproject\sqlserverconverttosqlite\sqlserver-to-sqlite\sqlserverconverttosqlite\debug\sqlserver.obj
d:\myproject\sqlserverconverttosqlite\sqlserver-to-sqlite\sqlserverconverttosqlite\debug\sqlserverconverttosqlite.obj
d:\myproject\sqlserverconverttosqlite\sqlserver-to-sqlite\sqlserverconverttosqlite\debug\sqlserverdbutil.obj
d:\myproject\sqlserverconverttosqlite\sqlserver-to-sqlite\debug\sqlserverconverttosqlite.ilk
d:\myproject\sqlserverconverttosqlite\sqlserver-to-sqlite\debug\sqlserverconverttosqlite.exe
d:\myproject\sqlserverconverttosqlite\sqlserver-to-sqlite\debug\sqlserverconverttosqlite.pdb
d:\myproject\sqlserverconverttosqlite\sqlserver-to-sqlite\debug\sqlserverconverttosqlite.lib
d:\myproject\sqlserverconverttosqlite\sqlserver-to-sqlite\debug\sqlserverconverttosqlite.exp
d:\myproject\sqlserverconverttosqlite\sqlserver-to-sqlite\\debug\sqlserverconverttosqlite.pdb
d:\myproject\sqlserverconverttosqlite\sqlserver-to-sqlite\\debug\sqlserverconverttosqlite.exe
d:\myproject\sqlserverconverttosqlite\sqlserver-to-sqlite\\debug\sqlserverconverttosqlite.ilk
d:\myproject\sqlserverconverttosqlite\sqlserver-to-sqlite\sqlserverconverttosqlite\debug\sqlserve.8e2b7be4.tlog\cl.command.1.tlog
d:\myproject\sqlserverconverttosqlite\sqlserver-to-sqlite\sqlserverconverttosqlite\debug\sqlserve.8e2b7be4.tlog\cl.read.1.tlog
d:\myproject\sqlserverconverttosqlite\sqlserver-to-sqlite\sqlserverconverttosqlite\debug\sqlserve.8e2b7be4.tlog\cl.write.1.tlog
d:\myproject\sqlserverconverttosqlite\sqlserver-to-sqlite\sqlserverconverttosqlite\debug\sqlserve.8e2b7be4.tlog\link.command.1.tlog
d:\myproject\sqlserverconverttosqlite\sqlserver-to-sqlite\sqlserverconverttosqlite\debug\sqlserve.8e2b7be4.tlog\link.read.1.tlog
d:\myproject\sqlserverconverttosqlite\sqlserver-to-sqlite\sqlserverconverttosqlite\debug\sqlserve.8e2b7be4.tlog\link.write.1.tlog
d:\myproject\sqlserverconverttosqlite\sqlserver-to-sqlite\sqlserverconverttosqlite\debug\sqlserve.8e2b7be4.tlog\sqlserverconverttosqlite.write.1u.tlog
